{"total": {"lines":{"total":278,"covered":263,"skipped":0,"pct":94.6},"statements":{"total":292,"covered":277,"skipped":0,"pct":94.86},"functions":{"total":61,"covered":61,"skipped":0,"pct":100},"branches":{"total":121,"covered":86,"skipped":0,"pct":71.07},"branchesTrue":{"total":0,"covered":0,"skipped":0,"pct":100}}
,"/Users/gakki/dev/prettycli/vscode-extension/src/pluginManager.ts": {"lines":{"total":13,"covered":13,"skipped":0,"pct":100},"functions":{"total":8,"covered":8,"skipped":0,"pct":100},"statements":{"total":13,"covered":13,"skipped":0,"pct":100},"branches":{"total":1,"covered":1,"skipped":0,"pct":100}}
,"/Users/gakki/dev/prettycli/vscode-extension/src/renderers/base.ts": {"lines":{"total":5,"covered":5,"skipped":0,"pct":100},"functions":{"total":3,"covered":3,"skipped":0,"pct":100},"statements":{"total":6,"covered":6,"skipped":0,"pct":100},"branches":{"total":1,"covered":0,"skipped":0,"pct":0}}
,"/Users/gakki/dev/prettycli/vscode-extension/src/renderers/chart.ts": {"lines":{"total":87,"covered":86,"skipped":0,"pct":98.85},"functions":{"total":19,"covered":19,"skipped":0,"pct":100},"statements":{"total":90,"covered":89,"skipped":0,"pct":98.88},"branches":{"total":20,"covered":16,"skipped":0,"pct":80}}
,"/Users/gakki/dev/prettycli/vscode-extension/src/renderers/diff.ts": {"lines":{"total":65,"covered":56,"skipped":0,"pct":86.15},"functions":{"total":7,"covered":7,"skipped":0,"pct":100},"statements":{"total":72,"covered":63,"skipped":0,"pct":87.5},"branches":{"total":47,"covered":35,"skipped":0,"pct":74.46}}
,"/Users/gakki/dev/prettycli/vscode-extension/src/renderers/file.ts": {"lines":{"total":16,"covered":16,"skipped":0,"pct":100},"functions":{"total":4,"covered":4,"skipped":0,"pct":100},"statements":{"total":17,"covered":17,"skipped":0,"pct":100},"branches":{"total":14,"covered":12,"skipped":0,"pct":85.71}}
,"/Users/gakki/dev/prettycli/vscode-extension/src/renderers/image.ts": {"lines":{"total":7,"covered":7,"skipped":0,"pct":100},"functions":{"total":2,"covered":2,"skipped":0,"pct":100},"statements":{"total":7,"covered":7,"skipped":0,"pct":100},"branches":{"total":10,"covered":5,"skipped":0,"pct":50}}
,"/Users/gakki/dev/prettycli/vscode-extension/src/renderers/json.ts": {"lines":{"total":39,"covered":34,"skipped":0,"pct":87.17},"functions":{"total":7,"covered":7,"skipped":0,"pct":100},"statements":{"total":39,"covered":34,"skipped":0,"pct":87.17},"branches":{"total":18,"covered":11,"skipped":0,"pct":61.11}}
,"/Users/gakki/dev/prettycli/vscode-extension/src/renderers/markdown.ts": {"lines":{"total":26,"covered":26,"skipped":0,"pct":100},"functions":{"total":4,"covered":4,"skipped":0,"pct":100},"statements":{"total":26,"covered":26,"skipped":0,"pct":100},"branches":{"total":2,"covered":1,"skipped":0,"pct":50}}
,"/Users/gakki/dev/prettycli/vscode-extension/src/renderers/table.ts": {"lines":{"total":10,"covered":10,"skipped":0,"pct":100},"functions":{"total":5,"covered":5,"skipped":0,"pct":100},"statements":{"total":12,"covered":12,"skipped":0,"pct":100},"branches":{"total":2,"covered":1,"skipped":0,"pct":50}}
,"/Users/gakki/dev/prettycli/vscode-extension/src/renderers/web.ts": {"lines":{"total":10,"covered":10,"skipped":0,"pct":100},"functions":{"total":2,"covered":2,"skipped":0,"pct":100},"statements":{"total":10,"covered":10,"skipped":0,"pct":100},"branches":{"total":6,"covered":4,"skipped":0,"pct":66.66}}
}
